13-Jan-2025 11:04:09.382 INFO [main] org.apache.catalina.core.ApplicationContext.log ContextListener: contextInitialized()
13-Jan-2025 11:04:09.382 INFO [main] org.apache.catalina.core.ApplicationContext.log SessionListener: contextInitialized()
13-Jan-2025 11:04:09.384 INFO [main] org.apache.catalina.core.ApplicationContext.log ContextListener: attributeAdded('StockTicker', 'async.Stockticker@58feb6b0')
13-Jan-2025 11:04:20.761 SEVERE [http-nio-8080-exec-6] org.apache.catalina.core.StandardWrapperValve.invoke Servlet.service() for servlet [jsp] in context with path [/HotelManagementSystem] threw exception [Unable to compile class for JSP: 

An error occurred at line: [120] in the jsp file: [/kelolaCheckIN.jsp]
List cannot be resolved to a type
117:             <tbody>
118:                 <%
119:                     // Ambil data check-in yang dikirim dari servlet
120:                     List<checkIN> checkinList = (List<checkIN>) request.getAttribute("checkinList");
121: 
122:                     // Jika ada data
123:                     if (checkinList != null) {


An error occurred at line: [120] in the jsp file: [/kelolaCheckIN.jsp]
checkIN cannot be resolved to a type
117:             <tbody>
118:                 <%
119:                     // Ambil data check-in yang dikirim dari servlet
120:                     List<checkIN> checkinList = (List<checkIN>) request.getAttribute("checkinList");
121: 
122:                     // Jika ada data
123:                     if (checkinList != null) {


An error occurred at line: [120] in the jsp file: [/kelolaCheckIN.jsp]
List cannot be resolved to a type
117:             <tbody>
118:                 <%
119:                     // Ambil data check-in yang dikirim dari servlet
120:                     List<checkIN> checkinList = (List<checkIN>) request.getAttribute("checkinList");
121: 
122:                     // Jika ada data
123:                     if (checkinList != null) {


An error occurred at line: [120] in the jsp file: [/kelolaCheckIN.jsp]
checkIN cannot be resolved to a type
117:             <tbody>
118:                 <%
119:                     // Ambil data check-in yang dikirim dari servlet
120:                     List<checkIN> checkinList = (List<checkIN>) request.getAttribute("checkinList");
121: 
122:                     // Jika ada data
123:                     if (checkinList != null) {


An error occurred at line: [124] in the jsp file: [/kelolaCheckIN.jsp]
checkIN cannot be resolved to a type
121: 
122:                     // Jika ada data
123:                     if (checkinList != null) {
124:                         for (checkIN checkin : checkinList) {
125:                             String nama = checkin.getNama();
126:                             String nomorTelepon = checkin.getNomorTelepon();
127:                             String kewarganegaraan = checkin.getKewarganegaraan();


Stacktrace:] with root cause
	org.apache.jasper.JasperException: Unable to compile class for JSP: 

An error occurred at line: [120] in the jsp file: [/kelolaCheckIN.jsp]
List cannot be resolved to a type
117:             <tbody>
118:                 <%
119:                     // Ambil data check-in yang dikirim dari servlet
120:                     List<checkIN> checkinList = (List<checkIN>) request.getAttribute("checkinList");
121: 
122:                     // Jika ada data
123:                     if (checkinList != null) {


An error occurred at line: [120] in the jsp file: [/kelolaCheckIN.jsp]
checkIN cannot be resolved to a type
117:             <tbody>
118:                 <%
119:                     // Ambil data check-in yang dikirim dari servlet
120:                     List<checkIN> checkinList = (List<checkIN>) request.getAttribute("checkinList");
121: 
122:                     // Jika ada data
123:                     if (checkinList != null) {


An error occurred at line: [120] in the jsp file: [/kelolaCheckIN.jsp]
List cannot be resolved to a type
117:             <tbody>
118:                 <%
119:                     // Ambil data check-in yang dikirim dari servlet
120:                     List<checkIN> checkinList = (List<checkIN>) request.getAttribute("checkinList");
121: 
122:                     // Jika ada data
123:                     if (checkinList != null) {


An error occurred at line: [120] in the jsp file: [/kelolaCheckIN.jsp]
checkIN cannot be resolved to a type
117:             <tbody>
118:                 <%
119:                     // Ambil data check-in yang dikirim dari servlet
120:                     List<checkIN> checkinList = (List<checkIN>) request.getAttribute("checkinList");
121: 
122:                     // Jika ada data
123:                     if (checkinList != null) {


An error occurred at line: [124] in the jsp file: [/kelolaCheckIN.jsp]
checkIN cannot be resolved to a type
121: 
122:                     // Jika ada data
123:                     if (checkinList != null) {
124:                         for (checkIN checkin : checkinList) {
125:                             String nama = checkin.getNama();
126:                             String nomorTelepon = checkin.getNomorTelepon();
127:                             String kewarganegaraan = checkin.getKewarganegaraan();


Stacktrace:
		at org.apache.jasper.compiler.DefaultErrorHandler.javacError(DefaultErrorHandler.java:72)
		at org.apache.jasper.compiler.ErrorDispatcher.javacError(ErrorDispatcher.java:192)
		at org.apache.jasper.compiler.JDTCompiler.generateClass(JDTCompiler.java:524)
		at org.apache.jasper.compiler.Compiler.compile(Compiler.java:373)
		at org.apache.jasper.compiler.Compiler.compile(Compiler.java:345)
		at org.apache.jasper.compiler.Compiler.compile(Compiler.java:331)
		at org.apache.jasper.JspCompilationContext.compile(JspCompilationContext.java:603)
		at org.apache.jasper.servlet.JspServletWrapper.service(JspServletWrapper.java:396)
		at org.apache.jasper.servlet.JspServlet.serviceJspFile(JspServlet.java:377)
		at org.apache.jasper.servlet.JspServlet.service(JspServlet.java:325)
		at jakarta.servlet.http.HttpServlet.service(HttpServlet.java:658)
		at org.apache.catalina.core.ApplicationFilterChain.internalDoFilter(ApplicationFilterChain.java:195)
		at org.apache.catalina.core.ApplicationFilterChain.doFilter(ApplicationFilterChain.java:140)
		at org.apache.tomcat.websocket.server.WsFilter.doFilter(WsFilter.java:51)
		at org.apache.catalina.core.ApplicationFilterChain.internalDoFilter(ApplicationFilterChain.java:164)
		at org.apache.catalina.core.ApplicationFilterChain.doFilter(ApplicationFilterChain.java:140)
		at org.apache.catalina.core.StandardWrapperValve.invoke(StandardWrapperValve.java:167)
		at org.apache.catalina.core.StandardContextValve.invoke(StandardContextValve.java:90)
		at org.apache.catalina.authenticator.AuthenticatorBase.invoke(AuthenticatorBase.java:483)
		at org.apache.catalina.core.StandardHostValve.invoke(StandardHostValve.java:115)
		at org.apache.catalina.valves.ErrorReportValve.invoke(ErrorReportValve.java:93)
		at org.apache.catalina.valves.AbstractAccessLogValve.invoke(AbstractAccessLogValve.java:663)
		at org.apache.catalina.core.StandardEngineValve.invoke(StandardEngineValve.java:74)
		at org.apache.catalina.connector.CoyoteAdapter.service(CoyoteAdapter.java:344)
		at org.apache.coyote.http11.Http11Processor.service(Http11Processor.java:397)
		at org.apache.coyote.AbstractProcessorLight.process(AbstractProcessorLight.java:63)
		at org.apache.coyote.AbstractProtocol$ConnectionHandler.process(AbstractProtocol.java:905)
		at org.apache.tomcat.util.net.NioEndpoint$SocketProcessor.doRun(NioEndpoint.java:1741)
		at org.apache.tomcat.util.net.SocketProcessorBase.run(SocketProcessorBase.java:52)
		at org.apache.tomcat.util.threads.ThreadPoolExecutor.runWorker(ThreadPoolExecutor.java:1190)
		at org.apache.tomcat.util.threads.ThreadPoolExecutor$Worker.run(ThreadPoolExecutor.java:659)
		at org.apache.tomcat.util.threads.TaskThread$WrappingRunnable.run(TaskThread.java:63)
		at java.base/java.lang.Thread.run(Thread.java:1583)
13-Jan-2025 11:04:22.328 SEVERE [http-nio-8080-exec-11] org.apache.catalina.core.StandardWrapperValve.invoke Servlet.service() for servlet [jsp] in context with path [/HotelManagementSystem] threw exception [org.apache.jasper.JasperException: java.lang.ClassNotFoundException: org.apache.jsp.kelolaCheckIN_jsp] with root cause
	java.lang.ClassNotFoundException: org.apache.jsp.kelolaCheckIN_jsp
		at java.base/java.net.URLClassLoader.findClass(URLClassLoader.java:445)
		at org.apache.jasper.servlet.JasperLoader.loadClass(JasperLoader.java:129)
		at org.apache.jasper.servlet.JasperLoader.loadClass(JasperLoader.java:58)
		at org.apache.catalina.core.DefaultInstanceManager.newInstance(DefaultInstanceManager.java:151)
		at org.apache.jasper.servlet.JspServletWrapper.getServlet(JspServletWrapper.java:189)
		at org.apache.jasper.servlet.JspServletWrapper.service(JspServletWrapper.java:410)
		at org.apache.jasper.servlet.JspServlet.serviceJspFile(JspServlet.java:377)
		at org.apache.jasper.servlet.JspServlet.service(JspServlet.java:325)
		at jakarta.servlet.http.HttpServlet.service(HttpServlet.java:658)
		at org.apache.catalina.core.ApplicationFilterChain.internalDoFilter(ApplicationFilterChain.java:195)
		at org.apache.catalina.core.ApplicationFilterChain.doFilter(ApplicationFilterChain.java:140)
		at org.apache.tomcat.websocket.server.WsFilter.doFilter(WsFilter.java:51)
		at org.apache.catalina.core.ApplicationFilterChain.internalDoFilter(ApplicationFilterChain.java:164)
		at org.apache.catalina.core.ApplicationFilterChain.doFilter(ApplicationFilterChain.java:140)
		at org.apache.catalina.core.StandardWrapperValve.invoke(StandardWrapperValve.java:167)
		at org.apache.catalina.core.StandardContextValve.invoke(StandardContextValve.java:90)
		at org.apache.catalina.authenticator.AuthenticatorBase.invoke(AuthenticatorBase.java:483)
		at org.apache.catalina.core.StandardHostValve.invoke(StandardHostValve.java:115)
		at org.apache.catalina.valves.ErrorReportValve.invoke(ErrorReportValve.java:93)
		at org.apache.catalina.valves.AbstractAccessLogValve.invoke(AbstractAccessLogValve.java:663)
		at org.apache.catalina.core.StandardEngineValve.invoke(StandardEngineValve.java:74)
		at org.apache.catalina.connector.CoyoteAdapter.service(CoyoteAdapter.java:344)
		at org.apache.coyote.http11.Http11Processor.service(Http11Processor.java:397)
		at org.apache.coyote.AbstractProcessorLight.process(AbstractProcessorLight.java:63)
		at org.apache.coyote.AbstractProtocol$ConnectionHandler.process(AbstractProtocol.java:905)
		at org.apache.tomcat.util.net.NioEndpoint$SocketProcessor.doRun(NioEndpoint.java:1741)
		at org.apache.tomcat.util.net.SocketProcessorBase.run(SocketProcessorBase.java:52)
		at org.apache.tomcat.util.threads.ThreadPoolExecutor.runWorker(ThreadPoolExecutor.java:1190)
		at org.apache.tomcat.util.threads.ThreadPoolExecutor$Worker.run(ThreadPoolExecutor.java:659)
		at org.apache.tomcat.util.threads.TaskThread$WrappingRunnable.run(TaskThread.java:63)
		at java.base/java.lang.Thread.run(Thread.java:1583)
13-Jan-2025 11:04:22.486 SEVERE [http-nio-8080-exec-10] org.apache.catalina.core.StandardWrapperValve.invoke Servlet.service() for servlet [jsp] in context with path [/HotelManagementSystem] threw exception [org.apache.jasper.JasperException: java.lang.ClassNotFoundException: org.apache.jsp.kelolaCheckIN_jsp] with root cause
	java.lang.ClassNotFoundException: org.apache.jsp.kelolaCheckIN_jsp
		at java.base/java.net.URLClassLoader.findClass(URLClassLoader.java:445)
		at org.apache.jasper.servlet.JasperLoader.loadClass(JasperLoader.java:129)
		at org.apache.jasper.servlet.JasperLoader.loadClass(JasperLoader.java:58)
		at org.apache.catalina.core.DefaultInstanceManager.newInstance(DefaultInstanceManager.java:151)
		at org.apache.jasper.servlet.JspServletWrapper.getServlet(JspServletWrapper.java:189)
		at org.apache.jasper.servlet.JspServletWrapper.service(JspServletWrapper.java:410)
		at org.apache.jasper.servlet.JspServlet.serviceJspFile(JspServlet.java:377)
		at org.apache.jasper.servlet.JspServlet.service(JspServlet.java:325)
		at jakarta.servlet.http.HttpServlet.service(HttpServlet.java:658)
		at org.apache.catalina.core.ApplicationFilterChain.internalDoFilter(ApplicationFilterChain.java:195)
		at org.apache.catalina.core.ApplicationFilterChain.doFilter(ApplicationFilterChain.java:140)
		at org.apache.tomcat.websocket.server.WsFilter.doFilter(WsFilter.java:51)
		at org.apache.catalina.core.ApplicationFilterChain.internalDoFilter(ApplicationFilterChain.java:164)
		at org.apache.catalina.core.ApplicationFilterChain.doFilter(ApplicationFilterChain.java:140)
		at org.apache.catalina.core.StandardWrapperValve.invoke(StandardWrapperValve.java:167)
		at org.apache.catalina.core.StandardContextValve.invoke(StandardContextValve.java:90)
		at org.apache.catalina.authenticator.AuthenticatorBase.invoke(AuthenticatorBase.java:483)
		at org.apache.catalina.core.StandardHostValve.invoke(StandardHostValve.java:115)
		at org.apache.catalina.valves.ErrorReportValve.invoke(ErrorReportValve.java:93)
		at org.apache.catalina.valves.AbstractAccessLogValve.invoke(AbstractAccessLogValve.java:663)
		at org.apache.catalina.core.StandardEngineValve.invoke(StandardEngineValve.java:74)
		at org.apache.catalina.connector.CoyoteAdapter.service(CoyoteAdapter.java:344)
		at org.apache.coyote.http11.Http11Processor.service(Http11Processor.java:397)
		at org.apache.coyote.AbstractProcessorLight.process(AbstractProcessorLight.java:63)
		at org.apache.coyote.AbstractProtocol$ConnectionHandler.process(AbstractProtocol.java:905)
		at org.apache.tomcat.util.net.NioEndpoint$SocketProcessor.doRun(NioEndpoint.java:1741)
		at org.apache.tomcat.util.net.SocketProcessorBase.run(SocketProcessorBase.java:52)
		at org.apache.tomcat.util.threads.ThreadPoolExecutor.runWorker(ThreadPoolExecutor.java:1190)
		at org.apache.tomcat.util.threads.ThreadPoolExecutor$Worker.run(ThreadPoolExecutor.java:659)
		at org.apache.tomcat.util.threads.TaskThread$WrappingRunnable.run(TaskThread.java:63)
		at java.base/java.lang.Thread.run(Thread.java:1583)
13-Jan-2025 11:04:25.676 SEVERE [http-nio-8080-exec-12] org.apache.catalina.core.StandardWrapperValve.invoke Servlet.service() for servlet [jsp] in context with path [/HotelManagementSystem] threw exception [Unable to compile class for JSP: 

An error occurred at line: [120] in the jsp file: [/kelolaCheckIN.jsp]
List cannot be resolved to a type
117:             <tbody>
118:                 <%
119:                     // Ambil data check-in yang dikirim dari servlet
120:                     List<checkIN> checkinList = (List<checkIN>) request.getAttribute("checkinList");
121: 
122:                     // Jika ada data
123:                     if (checkinList != null) {


An error occurred at line: [120] in the jsp file: [/kelolaCheckIN.jsp]
checkIN cannot be resolved to a type
117:             <tbody>
118:                 <%
119:                     // Ambil data check-in yang dikirim dari servlet
120:                     List<checkIN> checkinList = (List<checkIN>) request.getAttribute("checkinList");
121: 
122:                     // Jika ada data
123:                     if (checkinList != null) {


An error occurred at line: [120] in the jsp file: [/kelolaCheckIN.jsp]
List cannot be resolved to a type
117:             <tbody>
118:                 <%
119:                     // Ambil data check-in yang dikirim dari servlet
120:                     List<checkIN> checkinList = (List<checkIN>) request.getAttribute("checkinList");
121: 
122:                     // Jika ada data
123:                     if (checkinList != null) {


An error occurred at line: [120] in the jsp file: [/kelolaCheckIN.jsp]
checkIN cannot be resolved to a type
117:             <tbody>
118:                 <%
119:                     // Ambil data check-in yang dikirim dari servlet
120:                     List<checkIN> checkinList = (List<checkIN>) request.getAttribute("checkinList");
121: 
122:                     // Jika ada data
123:                     if (checkinList != null) {


An error occurred at line: [124] in the jsp file: [/kelolaCheckIN.jsp]
checkIN cannot be resolved to a type
121: 
122:                     // Jika ada data
123:                     if (checkinList != null) {
124:                         for (checkIN checkin : checkinList) {
125:                             String nama = checkin.getNama();
126:                             String nomorTelepon = checkin.getNomorTelepon();
127:                             String kewarganegaraan = checkin.getKewarganegaraan();


Stacktrace:] with root cause
	org.apache.jasper.JasperException: Unable to compile class for JSP: 

An error occurred at line: [120] in the jsp file: [/kelolaCheckIN.jsp]
List cannot be resolved to a type
117:             <tbody>
118:                 <%
119:                     // Ambil data check-in yang dikirim dari servlet
120:                     List<checkIN> checkinList = (List<checkIN>) request.getAttribute("checkinList");
121: 
122:                     // Jika ada data
123:                     if (checkinList != null) {


An error occurred at line: [120] in the jsp file: [/kelolaCheckIN.jsp]
checkIN cannot be resolved to a type
117:             <tbody>
118:                 <%
119:                     // Ambil data check-in yang dikirim dari servlet
120:                     List<checkIN> checkinList = (List<checkIN>) request.getAttribute("checkinList");
121: 
122:                     // Jika ada data
123:                     if (checkinList != null) {


An error occurred at line: [120] in the jsp file: [/kelolaCheckIN.jsp]
List cannot be resolved to a type
117:             <tbody>
118:                 <%
119:                     // Ambil data check-in yang dikirim dari servlet
120:                     List<checkIN> checkinList = (List<checkIN>) request.getAttribute("checkinList");
121: 
122:                     // Jika ada data
123:                     if (checkinList != null) {


An error occurred at line: [120] in the jsp file: [/kelolaCheckIN.jsp]
checkIN cannot be resolved to a type
117:             <tbody>
118:                 <%
119:                     // Ambil data check-in yang dikirim dari servlet
120:                     List<checkIN> checkinList = (List<checkIN>) request.getAttribute("checkinList");
121: 
122:                     // Jika ada data
123:                     if (checkinList != null) {


An error occurred at line: [124] in the jsp file: [/kelolaCheckIN.jsp]
checkIN cannot be resolved to a type
121: 
122:                     // Jika ada data
123:                     if (checkinList != null) {
124:                         for (checkIN checkin : checkinList) {
125:                             String nama = checkin.getNama();
126:                             String nomorTelepon = checkin.getNomorTelepon();
127:                             String kewarganegaraan = checkin.getKewarganegaraan();


Stacktrace:
		at org.apache.jasper.compiler.DefaultErrorHandler.javacError(DefaultErrorHandler.java:72)
		at org.apache.jasper.compiler.ErrorDispatcher.javacError(ErrorDispatcher.java:192)
		at org.apache.jasper.compiler.JDTCompiler.generateClass(JDTCompiler.java:524)
		at org.apache.jasper.compiler.Compiler.compile(Compiler.java:373)
		at org.apache.jasper.compiler.Compiler.compile(Compiler.java:345)
		at org.apache.jasper.compiler.Compiler.compile(Compiler.java:331)
		at org.apache.jasper.JspCompilationContext.compile(JspCompilationContext.java:603)
		at org.apache.jasper.servlet.JspServletWrapper.service(JspServletWrapper.java:396)
		at org.apache.jasper.servlet.JspServlet.serviceJspFile(JspServlet.java:377)
		at org.apache.jasper.servlet.JspServlet.service(JspServlet.java:325)
		at jakarta.servlet.http.HttpServlet.service(HttpServlet.java:658)
		at org.apache.catalina.core.ApplicationFilterChain.internalDoFilter(ApplicationFilterChain.java:195)
		at org.apache.catalina.core.ApplicationFilterChain.doFilter(ApplicationFilterChain.java:140)
		at org.apache.tomcat.websocket.server.WsFilter.doFilter(WsFilter.java:51)
		at org.apache.catalina.core.ApplicationFilterChain.internalDoFilter(ApplicationFilterChain.java:164)
		at org.apache.catalina.core.ApplicationFilterChain.doFilter(ApplicationFilterChain.java:140)
		at org.apache.catalina.core.StandardWrapperValve.invoke(StandardWrapperValve.java:167)
		at org.apache.catalina.core.StandardContextValve.invoke(StandardContextValve.java:90)
		at org.apache.catalina.authenticator.AuthenticatorBase.invoke(AuthenticatorBase.java:483)
		at org.apache.catalina.core.StandardHostValve.invoke(StandardHostValve.java:115)
		at org.apache.catalina.valves.ErrorReportValve.invoke(ErrorReportValve.java:93)
		at org.apache.catalina.valves.AbstractAccessLogValve.invoke(AbstractAccessLogValve.java:663)
		at org.apache.catalina.core.StandardEngineValve.invoke(StandardEngineValve.java:74)
		at org.apache.catalina.connector.CoyoteAdapter.service(CoyoteAdapter.java:344)
		at org.apache.coyote.http11.Http11Processor.service(Http11Processor.java:397)
		at org.apache.coyote.AbstractProcessorLight.process(AbstractProcessorLight.java:63)
		at org.apache.coyote.AbstractProtocol$ConnectionHandler.process(AbstractProtocol.java:905)
		at org.apache.tomcat.util.net.NioEndpoint$SocketProcessor.doRun(NioEndpoint.java:1741)
		at org.apache.tomcat.util.net.SocketProcessorBase.run(SocketProcessorBase.java:52)
		at org.apache.tomcat.util.threads.ThreadPoolExecutor.runWorker(ThreadPoolExecutor.java:1190)
		at org.apache.tomcat.util.threads.ThreadPoolExecutor$Worker.run(ThreadPoolExecutor.java:659)
		at org.apache.tomcat.util.threads.TaskThread$WrappingRunnable.run(TaskThread.java:63)
		at java.base/java.lang.Thread.run(Thread.java:1583)
13-Jan-2025 11:05:18.464 SEVERE [http-nio-8080-exec-12] org.apache.catalina.core.StandardWrapperValve.invoke Servlet.service() for servlet [jsp] in context with path [/HotelManagementSystem] threw exception [Unable to compile class for JSP: 

An error occurred at line: [120] in the jsp file: [/kelolaCheckIN.jsp]
List cannot be resolved to a type
117:             <tbody>
118:                 <%
119:                     // Ambil data check-in yang dikirim dari servlet
120:                     List<checkIN> checkinList = (List<checkIN>) request.getAttribute("checkinList");
121: 
122:                     // Jika ada data
123:                     if (checkinList != null) {


An error occurred at line: [120] in the jsp file: [/kelolaCheckIN.jsp]
checkIN cannot be resolved to a type
117:             <tbody>
118:                 <%
119:                     // Ambil data check-in yang dikirim dari servlet
120:                     List<checkIN> checkinList = (List<checkIN>) request.getAttribute("checkinList");
121: 
122:                     // Jika ada data
123:                     if (checkinList != null) {


An error occurred at line: [120] in the jsp file: [/kelolaCheckIN.jsp]
List cannot be resolved to a type
117:             <tbody>
118:                 <%
119:                     // Ambil data check-in yang dikirim dari servlet
120:                     List<checkIN> checkinList = (List<checkIN>) request.getAttribute("checkinList");
121: 
122:                     // Jika ada data
123:                     if (checkinList != null) {


An error occurred at line: [120] in the jsp file: [/kelolaCheckIN.jsp]
checkIN cannot be resolved to a type
117:             <tbody>
118:                 <%
119:                     // Ambil data check-in yang dikirim dari servlet
120:                     List<checkIN> checkinList = (List<checkIN>) request.getAttribute("checkinList");
121: 
122:                     // Jika ada data
123:                     if (checkinList != null) {


An error occurred at line: [124] in the jsp file: [/kelolaCheckIN.jsp]
checkIN cannot be resolved to a type
121: 
122:                     // Jika ada data
123:                     if (checkinList != null) {
124:                         for (checkIN checkin : checkinList) {
125:                             String nama = checkin.getNama();
126:                             String nomorTelepon = checkin.getNomorTelepon();
127:                             String kewarganegaraan = checkin.getKewarganegaraan();


Stacktrace:] with root cause
	org.apache.jasper.JasperException: Unable to compile class for JSP: 

An error occurred at line: [120] in the jsp file: [/kelolaCheckIN.jsp]
List cannot be resolved to a type
117:             <tbody>
118:                 <%
119:                     // Ambil data check-in yang dikirim dari servlet
120:                     List<checkIN> checkinList = (List<checkIN>) request.getAttribute("checkinList");
121: 
122:                     // Jika ada data
123:                     if (checkinList != null) {


An error occurred at line: [120] in the jsp file: [/kelolaCheckIN.jsp]
checkIN cannot be resolved to a type
117:             <tbody>
118:                 <%
119:                     // Ambil data check-in yang dikirim dari servlet
120:                     List<checkIN> checkinList = (List<checkIN>) request.getAttribute("checkinList");
121: 
122:                     // Jika ada data
123:                     if (checkinList != null) {


An error occurred at line: [120] in the jsp file: [/kelolaCheckIN.jsp]
List cannot be resolved to a type
117:             <tbody>
118:                 <%
119:                     // Ambil data check-in yang dikirim dari servlet
120:                     List<checkIN> checkinList = (List<checkIN>) request.getAttribute("checkinList");
121: 
122:                     // Jika ada data
123:                     if (checkinList != null) {


An error occurred at line: [120] in the jsp file: [/kelolaCheckIN.jsp]
checkIN cannot be resolved to a type
117:             <tbody>
118:                 <%
119:                     // Ambil data check-in yang dikirim dari servlet
120:                     List<checkIN> checkinList = (List<checkIN>) request.getAttribute("checkinList");
121: 
122:                     // Jika ada data
123:                     if (checkinList != null) {


An error occurred at line: [124] in the jsp file: [/kelolaCheckIN.jsp]
checkIN cannot be resolved to a type
121: 
122:                     // Jika ada data
123:                     if (checkinList != null) {
124:                         for (checkIN checkin : checkinList) {
125:                             String nama = checkin.getNama();
126:                             String nomorTelepon = checkin.getNomorTelepon();
127:                             String kewarganegaraan = checkin.getKewarganegaraan();


Stacktrace:
		at org.apache.jasper.compiler.DefaultErrorHandler.javacError(DefaultErrorHandler.java:72)
		at org.apache.jasper.compiler.ErrorDispatcher.javacError(ErrorDispatcher.java:192)
		at org.apache.jasper.compiler.JDTCompiler.generateClass(JDTCompiler.java:524)
		at org.apache.jasper.compiler.Compiler.compile(Compiler.java:373)
		at org.apache.jasper.compiler.Compiler.compile(Compiler.java:345)
		at org.apache.jasper.compiler.Compiler.compile(Compiler.java:331)
		at org.apache.jasper.JspCompilationContext.compile(JspCompilationContext.java:603)
		at org.apache.jasper.servlet.JspServletWrapper.service(JspServletWrapper.java:396)
		at org.apache.jasper.servlet.JspServlet.serviceJspFile(JspServlet.java:377)
		at org.apache.jasper.servlet.JspServlet.service(JspServlet.java:325)
		at jakarta.servlet.http.HttpServlet.service(HttpServlet.java:658)
		at org.apache.catalina.core.ApplicationFilterChain.internalDoFilter(ApplicationFilterChain.java:195)
		at org.apache.catalina.core.ApplicationFilterChain.doFilter(ApplicationFilterChain.java:140)
		at org.apache.tomcat.websocket.server.WsFilter.doFilter(WsFilter.java:51)
		at org.apache.catalina.core.ApplicationFilterChain.internalDoFilter(ApplicationFilterChain.java:164)
		at org.apache.catalina.core.ApplicationFilterChain.doFilter(ApplicationFilterChain.java:140)
		at org.apache.catalina.core.StandardWrapperValve.invoke(StandardWrapperValve.java:167)
		at org.apache.catalina.core.StandardContextValve.invoke(StandardContextValve.java:90)
		at org.apache.catalina.authenticator.AuthenticatorBase.invoke(AuthenticatorBase.java:483)
		at org.apache.catalina.core.StandardHostValve.invoke(StandardHostValve.java:115)
		at org.apache.catalina.valves.ErrorReportValve.invoke(ErrorReportValve.java:93)
		at org.apache.catalina.valves.AbstractAccessLogValve.invoke(AbstractAccessLogValve.java:663)
		at org.apache.catalina.core.StandardEngineValve.invoke(StandardEngineValve.java:74)
		at org.apache.catalina.connector.CoyoteAdapter.service(CoyoteAdapter.java:344)
		at org.apache.coyote.http11.Http11Processor.service(Http11Processor.java:397)
		at org.apache.coyote.AbstractProcessorLight.process(AbstractProcessorLight.java:63)
		at org.apache.coyote.AbstractProtocol$ConnectionHandler.process(AbstractProtocol.java:905)
		at org.apache.tomcat.util.net.NioEndpoint$SocketProcessor.doRun(NioEndpoint.java:1741)
		at org.apache.tomcat.util.net.SocketProcessorBase.run(SocketProcessorBase.java:52)
		at org.apache.tomcat.util.threads.ThreadPoolExecutor.runWorker(ThreadPoolExecutor.java:1190)
		at org.apache.tomcat.util.threads.ThreadPoolExecutor$Worker.run(ThreadPoolExecutor.java:659)
		at org.apache.tomcat.util.threads.TaskThread$WrappingRunnable.run(TaskThread.java:63)
		at java.base/java.lang.Thread.run(Thread.java:1583)
13-Jan-2025 11:30:56.662 INFO [main] org.apache.catalina.core.ApplicationContext.log SessionListener: contextDestroyed()
13-Jan-2025 11:30:56.662 INFO [main] org.apache.catalina.core.ApplicationContext.log ContextListener: contextDestroyed()
